app/build/intermediates/manifest_merge_blame_file/debug/manifest-merger-blame-debug-report.txt
1<?xml version="1.0" encoding="utf-8"?>
2<manifest xmlns:android="http://schemas.android.com/apk/res/android"
3    package="com.example.amazig_quest"
4    android:versionCode="1"
5    android:versionName="1.0" >
6
7    <uses-sdk
8        android:minSdkVersion="18"
8-->src\main\AndroidManifest.xml
9        android:targetSdkVersion="30" />
9-->src\main\AndroidManifest.xml
10
11    <uses-permission android:name="android.permission.INTERNET" />
11-->src\main\AndroidManifest.xml:5:5-67
11-->src\main\AndroidManifest.xml:5:22-64
12
13    <!-- Although the *SdkVersion is captured in gradle build files, this is required for non gradle builds -->
14    <!-- <uses-sdk android:minSdkVersion="14"/> -->
15    <uses-permission android:name="android.permission.ACCESS_NETWORK_STATE" />
15-->[com.google.firebase:firebase-database:19.5.0] AndroidManifest.xml:25:5-79
15-->[com.google.firebase:firebase-database:19.5.0] AndroidManifest.xml:25:22-76
16
17    <application
17-->src\main\AndroidManifest.xml:7:5-23:19
18        android:allowBackup="true"
18-->src\main\AndroidManifest.xml:8:9-35
19        android:appComponentFactory="androidx.core.app.CoreComponentFactory"
19-->[androidx.core:core:1.3.1] AndroidManifest.xml:24:18-86
20        android:debuggable="true"
21        android:icon="@drawable/_general_logo"
21-->src\main\AndroidManifest.xml:9:9-47
22        android:label="@string/app_name"
22-->src\main\AndroidManifest.xml:10:9-41
23        android:roundIcon="@drawable/_general_logo"
23-->src\main\AndroidManifest.xml:11:9-52
24        android:supportsRtl="true"
24-->src\main\AndroidManifest.xml:12:9-35
25        android:testOnly="true"
26        android:theme="@style/AppTheme" >
26-->src\main\AndroidManifest.xml:13:9-40
27        <activity android:name="com.example.amazig_quest.SplashActivity" >
27-->src\main\AndroidManifest.xml:14:9-20:20
27-->src\main\AndroidManifest.xml:14:19-49
28            <intent-filter>
28-->src\main\AndroidManifest.xml:15:13-19:29
29                <action android:name="android.intent.action.MAIN" />
29-->src\main\AndroidManifest.xml:16:17-69
29-->src\main\AndroidManifest.xml:16:25-66
30
31                <category android:name="android.intent.category.LAUNCHER" />
31-->src\main\AndroidManifest.xml:18:17-77
31-->src\main\AndroidManifest.xml:18:27-74
32            </intent-filter>
33        </activity>
34        <activity android:name="com.example.amazig_quest.MainActivity" />
34-->src\main\AndroidManifest.xml:21:9-49
34-->src\main\AndroidManifest.xml:21:19-47
35        <activity android:name="com.example.amazig_quest.CategorieActivity" />
35-->src\main\AndroidManifest.xml:22:9-54
35-->src\main\AndroidManifest.xml:22:19-52
36
37        <service
37-->[com.google.firebase:firebase-database:19.5.0] AndroidManifest.xml:29:9-35:19
38            android:name="com.google.firebase.components.ComponentDiscoveryService"
38-->[com.google.firebase:firebase-database:19.5.0] AndroidManifest.xml:30:13-84
39            android:directBootAware="true"
39-->[com.google.firebase:firebase-common:19.3.1] AndroidManifest.xml:35:13-43
40            android:exported="false" >
40-->[com.google.firebase:firebase-database:19.5.0] AndroidManifest.xml:31:13-37
41            <meta-data
41-->[com.google.firebase:firebase-database:19.5.0] AndroidManifest.xml:32:13-34:85
42                android:name="com.google.firebase.components:com.google.firebase.database.DatabaseRegistrar"
42-->[com.google.firebase:firebase-database:19.5.0] AndroidManifest.xml:33:17-109
43                android:value="com.google.firebase.components.ComponentRegistrar" />
43-->[com.google.firebase:firebase-database:19.5.0] AndroidManifest.xml:34:17-82
44            <meta-data
44-->[com.google.firebase:firebase-storage:19.1.1] AndroidManifest.xml:33:13-35:85
45                android:name="com.google.firebase.components:com.google.firebase.storage.StorageRegistrar"
45-->[com.google.firebase:firebase-storage:19.1.1] AndroidManifest.xml:34:17-107
46                android:value="com.google.firebase.components.ComponentRegistrar" />
46-->[com.google.firebase:firebase-storage:19.1.1] AndroidManifest.xml:35:17-82
47        </service>
48
49        <meta-data
49-->[com.zlc.glide:webpdecoder:1.3.4.8.0] AndroidManifest.xml:10:9-12:43
50            android:name="com.bumptech.glide.integration.webp.WebpGlideModule"
50-->[com.zlc.glide:webpdecoder:1.3.4.8.0] AndroidManifest.xml:11:13-79
51            android:value="GlideModule" />
51-->[com.zlc.glide:webpdecoder:1.3.4.8.0] AndroidManifest.xml:12:13-40
52
53        <provider
53-->[com.google.firebase:firebase-common:19.3.1] AndroidManifest.xml:26:9-31:39
54            android:name="com.google.firebase.provider.FirebaseInitProvider"
54-->[com.google.firebase:firebase-common:19.3.1] AndroidManifest.xml:27:13-77
55            android:authorities="com.example.amazig_quest.firebaseinitprovider"
55-->[com.google.firebase:firebase-common:19.3.1] AndroidManifest.xml:28:13-72
56            android:directBootAware="true"
56-->[com.google.firebase:firebase-common:19.3.1] AndroidManifest.xml:29:13-43
57            android:exported="false"
57-->[com.google.firebase:firebase-common:19.3.1] AndroidManifest.xml:30:13-37
58            android:initOrder="100" />
58-->[com.google.firebase:firebase-common:19.3.1] AndroidManifest.xml:31:13-36
59
60        <activity
60-->[com.google.android.gms:play-services-base:17.0.0] AndroidManifest.xml:23:9-26:75
61            android:name="com.google.android.gms.common.api.GoogleApiActivity"
61-->[com.google.android.gms:play-services-base:17.0.0] AndroidManifest.xml:24:13-79
62            android:exported="false"
62-->[com.google.android.gms:play-services-base:17.0.0] AndroidManifest.xml:25:13-37
63            android:theme="@android:style/Theme.Translucent.NoTitleBar" />
63-->[com.google.android.gms:play-services-base:17.0.0] AndroidManifest.xml:26:13-72
64
65        <meta-data
65-->[com.google.android.gms:play-services-basement:17.0.0] AndroidManifest.xml:23:9-25:69
66            android:name="com.google.android.gms.version"
66-->[com.google.android.gms:play-services-basement:17.0.0] AndroidManifest.xml:24:13-58
67            android:value="@integer/google_play_services_version" />
67-->[com.google.android.gms:play-services-basement:17.0.0] AndroidManifest.xml:25:13-66
68    </application>
69
70</manifest>